   1              		.cpu cortex-m3
   2              		.eabi_attribute 20, 1
   3              		.eabi_attribute 21, 1
   4              		.eabi_attribute 23, 3
   5              		.eabi_attribute 24, 1
   6              		.eabi_attribute 25, 1
   7              		.eabi_attribute 26, 1
   8              		.eabi_attribute 30, 1
   9              		.eabi_attribute 34, 1
  10              		.eabi_attribute 18, 4
  11              		.file	"main.c"
  12              		.text
  13              	.Ltext0:
  14              		.cfi_sections	.debug_frame
  15              		.section	.text.main,"ax",%progbits
  16              		.align	1
  17              		.global	main
  18              		.syntax unified
  19              		.thumb
  20              		.thumb_func
  21              		.fpu softvfp
  23              	main:
  24              	.LFB0:
  25              		.file 1 "../src/main.c"
   1:../src/main.c **** /*
   2:../src/main.c ****  * main.c
   3:../src/main.c ****  *
   4:../src/main.c ****  *  Created on: Dec 24, 2021
   5:../src/main.c ****  *      Author: ahmed
   6:../src/main.c ****  */
   7:../src/main.c **** 
   8:../src/main.c **** #include "STD_TYPES.h"
   9:../src/main.c **** #include "BIT_MATH.h"
  10:../src/main.c **** 
  11:../src/main.c **** #include "RCC_interface.h"
  12:../src/main.c **** #include "DIO_interface.h"
  13:../src/main.c **** #include "SYSTICK_interface.h"
  14:../src/main.c **** 
  15:../src/main.c **** 
  16:../src/main.c **** void main(void)
  17:../src/main.c **** {
  26              		.loc 1 17 0
  27              		.cfi_startproc
  28              		@ Volatile: function does not return.
  29              		@ args = 0, pretend = 0, frame = 0
  30              		@ frame_needed = 0, uses_anonymous_args = 0
  31 0000 08B5     		push	{r3, lr}
  32              		.cfi_def_cfa_offset 8
  33              		.cfi_offset 3, -8
  34              		.cfi_offset 14, -4
  18:../src/main.c **** 	/* initialize system clock */
  19:../src/main.c **** 	MRCC_voidInitSysClock();
  35              		.loc 1 19 0
  36 0002 FFF7FEFF 		bl	MRCC_voidInitSysClock
  37              	.LVL0:
  20:../src/main.c **** 
  21:../src/main.c **** 	/* enable GPIOA peripheral clock */
  22:../src/main.c **** 	MRCC_voidEnableClock(RCC_APB2,IOPAEN);
  38              		.loc 1 22 0
  39 0006 0221     		movs	r1, #2
  40 0008 0846     		mov	r0, r1
  41 000a FFF7FEFF 		bl	MRCC_voidEnableClock
  42              	.LVL1:
  23:../src/main.c **** 
  24:../src/main.c **** 	/* set configuration of pin A0 to output 2MHZ push pull */
  25:../src/main.c **** 	MGPIO_voidSetPinDirection(PORTA , PIN0 , GPIO_OUTPUT_SPEED_10MHZ_PP) ;
  43              		.loc 1 25 0
  44 000e 0122     		movs	r2, #1
  45 0010 0021     		movs	r1, #0
  46 0012 0846     		mov	r0, r1
  47 0014 FFF7FEFF 		bl	MGPIO_voidSetPinDirection
  48              	.LVL2:
  49              	.L2:
  26:../src/main.c **** 
  27:../src/main.c **** 
  28:../src/main.c **** 	while(1)
  29:../src/main.c **** 	{
  30:../src/main.c **** 		/* blink A0 */
  31:../src/main.c **** 		MGPIO_voidSetPin(PORTA , PIN0) ;
  50              		.loc 1 31 0 discriminator 1
  51 0018 0021     		movs	r1, #0
  52 001a 0846     		mov	r0, r1
  53 001c FFF7FEFF 		bl	MGPIO_voidSetPin
  54              	.LVL3:
  32:../src/main.c **** 		MSTK_voidSetBusyWait(1000000) ;
  55              		.loc 1 32 0 discriminator 1
  56 0020 054C     		ldr	r4, .L4
  57 0022 2046     		mov	r0, r4
  58 0024 FFF7FEFF 		bl	MSTK_voidSetBusyWait
  59              	.LVL4:
  33:../src/main.c **** 		MGPIO_voidClearPin(PORTA , PIN0) ;
  60              		.loc 1 33 0 discriminator 1
  61 0028 0021     		movs	r1, #0
  62 002a 0846     		mov	r0, r1
  63 002c FFF7FEFF 		bl	MGPIO_voidClearPin
  64              	.LVL5:
  34:../src/main.c **** 		MSTK_voidSetBusyWait(1000000) ;
  65              		.loc 1 34 0 discriminator 1
  66 0030 2046     		mov	r0, r4
  67 0032 FFF7FEFF 		bl	MSTK_voidSetBusyWait
  68              	.LVL6:
  69 0036 EFE7     		b	.L2
  70              	.L5:
  71              		.align	2
  72              	.L4:
  73 0038 40420F00 		.word	1000000
  74              		.cfi_endproc
  75              	.LFE0:
  77              		.text
  78              	.Letext0:
  79              		.file 2 "../include/RCC_interface.h"
  80              		.file 3 "../include/DIO_interface.h"
  81              		.file 4 "../include/SYSTICK_interface.h"
DEFINED SYMBOLS
                            *ABS*:00000000 main.c
C:\Users\ahmed\AppData\Local\Temp\ccVhMvqU.s:16     .text.main:00000000 $t
C:\Users\ahmed\AppData\Local\Temp\ccVhMvqU.s:23     .text.main:00000000 main
C:\Users\ahmed\AppData\Local\Temp\ccVhMvqU.s:73     .text.main:00000038 $d
                           .group:00000000 wm4.0.c450a18b2a29049e2cbb4137d58ca9b1
                           .group:00000000 wm4.BIT_MATH.h.8.e5e1c22317042a824b84ac5f7a29c479
                           .group:00000000 wm4.RCC_interface.h.8.9040eeaa27e5251734c88140dc2adec0
                           .group:00000000 wm4.DIO_interface.h.9.f0ca16af2cc5ab3368f83eb1659d3e70

UNDEFINED SYMBOLS
MRCC_voidInitSysClock
MRCC_voidEnableClock
MGPIO_voidSetPinDirection
MGPIO_voidSetPin
MSTK_voidSetBusyWait
MGPIO_voidClearPin
